<?xml version="1.0" encoding="UTF-8"?>
<testsuite name="AppTest" tests="2" skipped="0" failures="0" errors="0" timestamp="2015-10-05T20:56:10" hostname="epicodus-202.local" time="0.327">
  <properties/>
  <testcase name="rootTest" classname="AppTest" time="0.262"/>
  <testcase name="result_displayCorrectOutput" classname="AppTest" time="0.06"/>
  <system-out><![CDATA[]]></system-out>
  <system-err><![CDATA[[Thread-4] INFO spark.webserver.SparkServer - == Spark has ignited ...
[Thread-4] INFO spark.webserver.SparkServer - >> Listening on 0.0.0.0:4567
[Thread-4] INFO org.eclipse.jetty.server.Server - jetty-9.0.2.v20130417
[Thread-4] INFO org.eclipse.jetty.server.ServerConnector - Started ServerConnector@2eff99be{HTTP/1.1}{0.0.0.0:4567}
[Test worker] INFO spark.webserver.SparkServer - >>> Spark shutting down ...
[Test worker] INFO org.eclipse.jetty.server.Server - Graceful shutdown org.eclipse.jetty.server.Server@2242e06 by 
[Test worker] INFO org.eclipse.jetty.server.ServerConnector - Stopped ServerConnector@2eff99be{HTTP/1.1}{0.0.0.0:4567}
[Test worker] INFO spark.webserver.SparkServer - done
]]></system-err>
</testsuite>
