<?xml version="1.0" encoding="UTF-8"?>
<testsuite name="WordPuzzleTest" tests="1" skipped="0" failures="0" errors="0" timestamp="2015-10-05T20:50:55" hostname="epicodus-202.local" time="0.001">
  <properties/>
  <testcase name="puzzle_changeVowels_true" classname="WordPuzzleTest" time="0.001"/>
  <system-out><![CDATA[]]></system-out>
  <system-err><![CDATA[]]></system-err>
</testsuite>
